Build started 11/11/2011 4:19:59 PM.
     1>Project "C:\Users\williamw.CIOHQ\Documents\Programming\uac-example\uac-example\uac-example.vcxproj" on node 2 (build target(s)).
     1>InitializeBuildStatus:
         Creating "Release\uac-launch.unsuccessfulbuild" because "AlwaysCreate" was specified.
       ClCompile:
         c:\Program Files\Microsoft Visual Studio 10.0\VC\bin\CL.exe /c /Zi /nologo /W3 /WX- /O2 /Oi /Oy- /GL /D WIN32 /D NDEBUG /D _WINDOWS /D _UNICODE /D UNICODE /Gm- /EHsc /MT /GS /Gy /fp:precise /Zc:wchar_t /Zc:forScope /Fo"Release\\" /Fd"Release\vc100.pdb" /Gd /TP /analyze- /errorReport:prompt "uac-launch.cpp"
         uac-launch.cpp
     1>uac-launch.cpp(365): warning C4996: 'wcscpy': This function or variable may be unsafe. Consider using wcscpy_s instead. To disable deprecation, use _CRT_SECURE_NO_WARNINGS. See online help for details.
                 c:\Program Files\Microsoft Visual Studio 10.0\VC\include\string.h(283) : see declaration of 'wcscpy'
       Link:
         c:\Program Files\Microsoft Visual Studio 10.0\VC\bin\link.exe /ERRORREPORT:PROMPT /OUT:"C:\Users\williamw.CIOHQ\Documents\Programming\uac-example\Release\uac-launch.exe" /INCREMENTAL:NO /NOLOGO kernel32.lib user32.lib gdi32.lib winspool.lib comdlg32.lib advapi32.lib shell32.lib ole32.lib oleaut32.lib uuid.lib odbc32.lib odbccp32.lib /MANIFEST /ManifestFile:"Release\uac-launch.exe.intermediate.manifest" /MANIFESTUAC:"level='asInvoker' uiAccess='false'" /DEBUG /PDB:"C:\Users\williamw.CIOHQ\Documents\Programming\uac-example\Release\uac-launch.pdb" /SUBSYSTEM:WINDOWS /OPT:REF /OPT:ICF /LTCG /TLBID:1 /DYNAMICBASE /NXCOMPAT /IMPLIB:"C:\Users\williamw.CIOHQ\Documents\Programming\uac-example\Release\uac-launch.lib" /MACHINE:X86 "Release\uac-launch.obj"
         Generating code
         Finished generating code
         uac-example.vcxproj -> C:\Users\williamw.CIOHQ\Documents\Programming\uac-example\Release\uac-launch.exe
       Manifest:
         C:\Program Files\Microsoft SDKs\Windows\v7.0A\bin\mt.exe /nologo /verbose /outputresource:"C:\Users\williamw.CIOHQ\Documents\Programming\uac-example\Release\uac-launch.exe;#1" /manifest "Release\uac-launch.exe.intermediate.manifest"
       FinalizeBuildStatus:
         Deleting file "Release\uac-launch.unsuccessfulbuild".
         Touching "Release\uac-launch.lastbuildstate".
     1>Done Building Project "C:\Users\williamw.CIOHQ\Documents\Programming\uac-example\uac-example\uac-example.vcxproj" (build target(s)).

Build succeeded.

Time Elapsed 00:00:01.53
